<?xml version="1.0" encoding="UTF-8"?>
<!-- Generated by org.testng.reporters.JUnitReportReporter -->
<testsuite hostname="DESKTOP-NG0PGDE" failures="0" tests="1" name="com.nopcommerce.testCases.TC_AddCustomerTest_003" time="57.028" errors="0" timestamp="2022-07-22T10:52:51 GMT-05:00" skipped="0">
  <testcase classname="com.nopcommerce.testCases.TC_AddCustomerTest_003" name="addNewCustomer" time="57.028"/>
  <system-out/>
</testsuite> <!-- com.nopcommerce.testCases.TC_AddCustomerTest_003 -->
